<?xml version="1.0" encoding="UTF-8"?>
<!-- Generated by org.testng.reporters.JUnitReportReporter -->
<testsuite skipped="0" hostname="LAPTOP-D2FOFQO2" name="Dictionary.FindMeaning" tests="1" failures="0" timestamp="2020-06-20T01:59:47 CDT" time="5.110" errors="0">
  <testcase name="findMeaning" time="5.110" classname="Dictionary.FindMeaning"/>
  <system-out/>
</testsuite> <!-- Dictionary.FindMeaning -->
